<?xml version="1.0" encoding="UTF-8"?>
<coverage generated="1769866437325" clover="3.2.0">
  <project timestamp="1769866437325" name="All files">
    <metrics statements="27" coveredstatements="25" conditionals="8" coveredconditionals="8" methods="6" coveredmethods="5" elements="41" coveredelements="38" complexity="0" loc="27" ncloc="27" packages="1" files="1" classes="1"/>
    <file name="DashboardScreen.tsx" path="/Users/foozio/Downloads/Codes/MasjidOS/MasjidOS-Mobile/src/screens/DashboardScreen.tsx">
      <metrics statements="27" coveredstatements="25" conditionals="8" coveredconditionals="8" methods="6" coveredmethods="5"/>
      <line num="17" count="1" type="stmt"/>
      <line num="18" count="4" type="stmt"/>
      <line num="19" count="4" type="stmt"/>
      <line num="20" count="4" type="stmt"/>
      <line num="21" count="4" type="stmt"/>
      <line num="22" count="4" type="stmt"/>
      <line num="24" count="4" type="stmt"/>
      <line num="25" count="2" type="stmt"/>
      <line num="26" count="2" type="stmt"/>
      <line num="27" count="2" type="stmt"/>
      <line num="31" count="1" type="stmt"/>
      <line num="32" count="1" type="stmt"/>
      <line num="34" count="1" type="stmt"/>
      <line num="35" count="1" type="stmt"/>
      <line num="37" count="2" type="stmt"/>
      <line num="38" count="2" type="stmt"/>
      <line num="42" count="4" type="stmt"/>
      <line num="43" count="2" type="stmt"/>
      <line num="46" count="4" type="stmt"/>
      <line num="47" count="0" type="stmt"/>
      <line num="48" count="0" type="stmt"/>
      <line num="51" count="4" type="stmt"/>
      <line num="53" count="4" type="cond" truecount="4" falsecount="0"/>
      <line num="54" count="2" type="stmt"/>
      <line num="61" count="2" type="stmt"/>
      <line num="94" count="1" type="stmt"/>
      <line num="107" count="1" type="stmt"/>
    </file>
  </project>
</coverage>
