{"/Users/foozio/Downloads/Codes/MasjidOS/MasjidOS-Mobile/src/screens/DashboardScreen.tsx": {"path":"/Users/foozio/Downloads/Codes/MasjidOS/MasjidOS-Mobile/src/screens/DashboardScreen.tsx","statementMap":{"0":{"start":{"line":17,"column":24},"end":{"line":105,"column":1}},"1":{"start":{"line":18,"column":32},"end":{"line":18,"column":46}},"2":{"start":{"line":19,"column":28},"end":{"line":19,"column":57}},"3":{"start":{"line":20,"column":36},"end":{"line":20,"column":60}},"4":{"start":{"line":21,"column":30},"end":{"line":21,"column":57}},"5":{"start":{"line":22,"column":38},"end":{"line":22,"column":53}},"6":{"start":{"line":24,"column":20},"end":{"line":40,"column":3}},"7":{"start":{"line":25,"column":4},"end":{"line":39,"column":5}},"8":{"start":{"line":26,"column":6},"end":{"line":26,"column":21}},"9":{"start":{"line":27,"column":40},"end":{"line":30,"column":8}},"10":{"start":{"line":31,"column":6},"end":{"line":31,"column":38}},"11":{"start":{"line":32,"column":6},"end":{"line":32,"column":32}},"12":{"start":{"line":34,"column":6},"end":{"line":34,"column":48}},"13":{"start":{"line":35,"column":6},"end":{"line":35,"column":25}},"14":{"start":{"line":37,"column":6},"end":{"line":37,"column":24}},"15":{"start":{"line":38,"column":6},"end":{"line":38,"column":27}},"16":{"start":{"line":42,"column":2},"end":{"line":44,"column":9}},"17":{"start":{"line":43,"column":4},"end":{"line":43,"column":16}},"18":{"start":{"line":46,"column":20},"end":{"line":49,"column":3}},"19":{"start":{"line":47,"column":4},"end":{"line":47,"column":24}},"20":{"start":{"line":48,"column":4},"end":{"line":48,"column":16}},"21":{"start":{"line":51,"column":25},"end":{"line":51,"column":72}},"22":{"start":{"line":51,"column":54},"end":{"line":51,"column":68}},"23":{"start":{"line":53,"column":2},"end":{"line":59,"column":3}},"24":{"start":{"line":54,"column":4},"end":{"line":58,"column":6}},"25":{"start":{"line":61,"column":2},"end":{"line":104,"column":4}},"26":{"start":{"line":94,"column":12},"end":{"line":99,"column":19}},"27":{"start":{"line":107,"column":15},"end":{"line":201,"column":2}}},"fnMap":{"0":{"name":"(anonymous_0)","decl":{"start":{"line":17,"column":24},"end":{"line":17,"column":25}},"loc":{"start":{"line":17,"column":30},"end":{"line":105,"column":1}},"line":17},"1":{"name":"(anonymous_1)","decl":{"start":{"line":24,"column":20},"end":{"line":24,"column":21}},"loc":{"start":{"line":24,"column":32},"end":{"line":40,"column":3}},"line":24},"2":{"name":"(anonymous_2)","decl":{"start":{"line":42,"column":12},"end":{"line":42,"column":13}},"loc":{"start":{"line":42,"column":18},"end":{"line":44,"column":3}},"line":42},"3":{"name":"(anonymous_3)","decl":{"start":{"line":46,"column":20},"end":{"line":46,"column":21}},"loc":{"start":{"line":46,"column":26},"end":{"line":49,"column":3}},"line":46},"4":{"name":"(anonymous_4)","decl":{"start":{"line":51,"column":42},"end":{"line":51,"column":43}},"loc":{"start":{"line":51,"column":54},"end":{"line":51,"column":68}},"line":51},"5":{"name":"(anonymous_5)","decl":{"start":{"line":93,"column":21},"end":{"line":93,"column":22}},"loc":{"start":{"line":94,"column":12},"end":{"line":99,"column":19}},"line":94}},"branchMap":{"0":{"loc":{"start":{"line":53,"column":2},"end":{"line":59,"column":3}},"type":"if","locations":[{"start":{"line":53,"column":2},"end":{"line":59,"column":3}},{"start":{},"end":{}}],"line":53},"1":{"loc":{"start":{"line":53,"column":6},"end":{"line":53,"column":28}},"type":"binary-expr","locations":[{"start":{"line":53,"column":6},"end":{"line":53,"column":13}},{"start":{"line":53,"column":17},"end":{"line":53,"column":28}}],"line":53},"2":{"loc":{"start":{"line":70,"column":7},"end":{"line":74,"column":7}},"type":"binary-expr","locations":[{"start":{"line":70,"column":7},"end":{"line":70,"column":12}},{"start":{"line":71,"column":8},"end":{"line":73,"column":15}}],"line":70},"3":{"loc":{"start":{"line":90,"column":9},"end":{"line":101,"column":9}},"type":"cond-expr","locations":[{"start":{"line":91,"column":10},"end":{"line":91,"column":66}},{"start":{"line":93,"column":10},"end":{"line":100,"column":12}}],"line":90}},"s":{"0":1,"1":4,"2":4,"3":4,"4":4,"5":4,"6":4,"7":2,"8":2,"9":2,"10":1,"11":1,"12":1,"13":1,"14":2,"15":2,"16":4,"17":2,"18":4,"19":0,"20":0,"21":4,"22":2,"23":4,"24":2,"25":2,"26":1,"27":1},"f":{"0":4,"1":2,"2":2,"3":0,"4":2,"5":1},"b":{"0":[2,2],"1":[4,2],"2":[2,1],"3":[1,1]},"_coverageSchema":"1a1c01bbd47fc00a2c39e90264f33305004495a9","hash":"97a31d7751ce80321a60b61ed4bdc7d5239c8872"}
}
