{"/Users/foozio/Downloads/Codes/MasjidOS/MasjidOS-Mobile/src/screens/DonationScreen.tsx": {"path":"/Users/foozio/Downloads/Codes/MasjidOS/MasjidOS-Mobile/src/screens/DonationScreen.tsx","statementMap":{"0":{"start":{"line":14,"column":23},"end":{"line":84,"column":1}},"1":{"start":{"line":15,"column":32},"end":{"line":15,"column":46}},"2":{"start":{"line":16,"column":38},"end":{"line":16,"column":53}},"3":{"start":{"line":17,"column":28},"end":{"line":17,"column":57}},"4":{"start":{"line":18,"column":36},"end":{"line":18,"column":60}},"5":{"start":{"line":20,"column":25},"end":{"line":32,"column":3}},"6":{"start":{"line":21,"column":4},"end":{"line":31,"column":5}},"7":{"start":{"line":22,"column":6},"end":{"line":22,"column":21}},"8":{"start":{"line":23,"column":23},"end":{"line":23,"column":50}},"9":{"start":{"line":24,"column":6},"end":{"line":24,"column":34}},"10":{"start":{"line":26,"column":6},"end":{"line":26,"column":43}},"11":{"start":{"line":27,"column":6},"end":{"line":27,"column":25}},"12":{"start":{"line":29,"column":6},"end":{"line":29,"column":24}},"13":{"start":{"line":30,"column":6},"end":{"line":30,"column":27}},"14":{"start":{"line":34,"column":2},"end":{"line":36,"column":9}},"15":{"start":{"line":35,"column":4},"end":{"line":35,"column":21}},"16":{"start":{"line":38,"column":20},"end":{"line":41,"column":3}},"17":{"start":{"line":39,"column":4},"end":{"line":39,"column":24}},"18":{"start":{"line":40,"column":4},"end":{"line":40,"column":21}},"19":{"start":{"line":43,"column":21},"end":{"line":56,"column":3}},"20":{"start":{"line":44,"column":4},"end":{"line":55,"column":11}},"21":{"start":{"line":58,"column":2},"end":{"line":64,"column":3}},"22":{"start":{"line":59,"column":4},"end":{"line":63,"column":6}},"23":{"start":{"line":66,"column":2},"end":{"line":83,"column":4}},"24":{"start":{"line":77,"column":32},"end":{"line":77,"column":39}},"25":{"start":{"line":86,"column":15},"end":{"line":145,"column":2}}},"fnMap":{"0":{"name":"(anonymous_0)","decl":{"start":{"line":14,"column":23},"end":{"line":14,"column":24}},"loc":{"start":{"line":14,"column":29},"end":{"line":84,"column":1}},"line":14},"1":{"name":"(anonymous_1)","decl":{"start":{"line":20,"column":25},"end":{"line":20,"column":26}},"loc":{"start":{"line":20,"column":37},"end":{"line":32,"column":3}},"line":20},"2":{"name":"(anonymous_2)","decl":{"start":{"line":34,"column":12},"end":{"line":34,"column":13}},"loc":{"start":{"line":34,"column":18},"end":{"line":36,"column":3}},"line":34},"3":{"name":"(anonymous_3)","decl":{"start":{"line":38,"column":20},"end":{"line":38,"column":21}},"loc":{"start":{"line":38,"column":26},"end":{"line":41,"column":3}},"line":38},"4":{"name":"(anonymous_4)","decl":{"start":{"line":43,"column":21},"end":{"line":43,"column":22}},"loc":{"start":{"line":44,"column":4},"end":{"line":55,"column":11}},"line":44},"5":{"name":"(anonymous_5)","decl":{"start":{"line":77,"column":22},"end":{"line":77,"column":23}},"loc":{"start":{"line":77,"column":32},"end":{"line":77,"column":39}},"line":77}},"branchMap":{"0":{"loc":{"start":{"line":50,"column":11},"end":{"line":50,"column":85}},"type":"cond-expr","locations":[{"start":{"line":50,"column":30},"end":{"line":50,"column":47}},{"start":{"line":50,"column":51},"end":{"line":50,"column":84}}],"line":50},"1":{"loc":{"start":{"line":50,"column":51},"end":{"line":50,"column":84}},"type":"binary-expr","locations":[{"start":{"line":50,"column":51},"end":{"line":50,"column":65}},{"start":{"line":50,"column":69},"end":{"line":50,"column":84}}],"line":50},"2":{"loc":{"start":{"line":58,"column":2},"end":{"line":64,"column":3}},"type":"if","locations":[{"start":{"line":58,"column":2},"end":{"line":64,"column":3}},{"start":{},"end":{}}],"line":58},"3":{"loc":{"start":{"line":58,"column":6},"end":{"line":58,"column":28}},"type":"binary-expr","locations":[{"start":{"line":58,"column":6},"end":{"line":58,"column":13}},{"start":{"line":58,"column":17},"end":{"line":58,"column":28}}],"line":58},"4":{"loc":{"start":{"line":68,"column":7},"end":{"line":72,"column":7}},"type":"binary-expr","locations":[{"start":{"line":68,"column":7},"end":{"line":68,"column":12}},{"start":{"line":69,"column":8},"end":{"line":71,"column":15}}],"line":68}},"s":{"0":1,"1":2,"2":2,"3":2,"4":2,"5":2,"6":1,"7":1,"8":1,"9":1,"10":0,"11":0,"12":1,"13":1,"14":2,"15":1,"16":2,"17":0,"18":0,"19":2,"20":2,"21":2,"22":1,"23":1,"24":3,"25":1},"f":{"0":2,"1":1,"2":1,"3":0,"4":2,"5":3},"b":{"0":[1,1],"1":[1,0],"2":[1,1],"3":[2,1],"4":[1,0]},"_coverageSchema":"1a1c01bbd47fc00a2c39e90264f33305004495a9","hash":"1381a08ae2e0bce98c97e7023db28d5a698d557c"}
}
