TN:
SF:src/screens/DashboardScreen.tsx
FN:17,(anonymous_0)
FN:24,(anonymous_1)
FN:42,(anonymous_2)
FN:46,(anonymous_3)
FN:51,(anonymous_4)
FN:93,(anonymous_5)
FNF:6
FNH:5
FNDA:4,(anonymous_0)
FNDA:2,(anonymous_1)
FNDA:2,(anonymous_2)
FNDA:0,(anonymous_3)
FNDA:2,(anonymous_4)
FNDA:1,(anonymous_5)
DA:17,1
DA:18,4
DA:19,4
DA:20,4
DA:21,4
DA:22,4
DA:24,4
DA:25,2
DA:26,2
DA:27,2
DA:31,1
DA:32,1
DA:34,1
DA:35,1
DA:37,2
DA:38,2
DA:42,4
DA:43,2
DA:46,4
DA:47,0
DA:48,0
DA:51,4
DA:53,4
DA:54,2
DA:61,2
DA:94,1
DA:107,1
LF:27
LH:25
BRDA:53,0,0,2
BRDA:53,0,1,2
BRDA:53,1,0,4
BRDA:53,1,1,2
BRDA:70,2,0,2
BRDA:70,2,1,1
BRDA:90,3,0,1
BRDA:90,3,1,1
BRF:8
BRH:8
end_of_record
