TN:
SF:src/screens/ActivitiesScreen.tsx
FN:13,(anonymous_0)
FN:19,(anonymous_1)
FN:33,(anonymous_2)
FN:37,(anonymous_3)
FN:42,(anonymous_4)
FN:79,(anonymous_5)
FNF:6
FNH:5
FNDA:4,(anonymous_0)
FNDA:2,(anonymous_1)
FNDA:2,(anonymous_2)
FNDA:0,(anonymous_3)
FNDA:2,(anonymous_4)
FNDA:3,(anonymous_5)
DA:13,1
DA:14,4
DA:15,4
DA:16,4
DA:17,4
DA:19,4
DA:20,2
DA:21,2
DA:22,2
DA:23,2
DA:25,0
DA:26,0
DA:28,2
DA:29,2
DA:33,4
DA:34,2
DA:37,4
DA:38,0
DA:39,0
DA:42,4
DA:43,2
DA:60,4
DA:61,2
DA:68,2
DA:79,3
DA:88,1
LF:26
LH:22
BRDA:54,0,0,2
BRDA:54,0,1,0
BRDA:60,1,0,2
BRDA:60,1,1,2
BRDA:60,2,0,4
BRDA:60,2,1,2
BRDA:70,3,0,2
BRDA:70,3,1,0
BRF:8
BRH:6
end_of_record
